
ROM used: 2267 (28%)
          2613 (32%) including unused fragments

          3 Average locations per line
          14 Average locations per statement

RAM used: 105 (29%) at main() level
          141 (38%) worst case

Stack used: 7 worst case (out of 8 total available)

Lines Stmts  %   Files
----- ----- ---  -----
  165    96  59  dispensador.c
  326     0   0  ..\..\..\..\..\Program Files (x86)\PICC\devices\16f877a.h
  348    67  41  ..\..\..\..\..\Program Files (x86)\PICC\drivers\lcd.c
----- -----
  839   163 Total

Page ROM  %  RAM   Vol Diff  Functions:
---- --- --- ---   --- ----  ----------
0     21   1   1             @delay_ms1
0      8   0   0   272  3.7  @const76
 Inline        3   587  6.0  lcd_read_byte
0      6   0   0    59  4.2  lcd_read_nibble
0     14   1   1   172  3.4  lcd_send_nibble
0     75   3   3   317  4.3  lcd_send_byte
0     62   3   2   624  5.8  lcd_init
0     20   1   4   186  5.5  lcd_gotoxy
0     49   2   1   272  4.1  lcd_putc
1    565  25   2  1513  4.4  MAIN
0      9   0   0  2245  4.4  @const118
0     90   4   3  2245  4.4  @PSTRINGC7_93
0      9   0   0             @const120
0    326  14  16             @ADDFF
0      1   0   0   209  2.3  @const124
0    147   6   6   181  2.2  mostrarMensaje
0      1   0   0   181  2.2  @const125
0     29   1   2  2315  4.4  @PSTRINGR_93
0      5   0   0  2315  4.4  @const127
 Inline        4             @PSTRINGCN7_93
 Inline       13             @MULFF
 Inline        5   254  4.0  @FTOSD
0     68   3  13   181  2.2  @DIV3232
0    362  16  13             @PRINTF_L32D_93FPFPF
0    213   9   6   993  6.2  pagarProducto
0     65   3  10  1181  6.3  @FLT
0      1   0   0  1181  6.3  @const144
0      7   0   0  2315  4.4  @const145
0      9   0   0             @const146
0      1   0   0   214  3.4  @const147
0      6   0   0             @const148
0      8   0   0   181  2.2  @goto10344
0     73   3   1   262  3.5  validarDinero
0      1   0   0    27  2.0  @const150
0      8   0   0  1181  6.3  @const151
0      4   0   0  1181  6.3  @const152

Program metrics:
    Functions               28
    Statements              163
    Comments                204
    Volume (V)              37973
    Difficilty (D)          117.5
    Effort to implement (E) 4460123
    Time to implement (T)   68 hours, 50 minutes
    Est Delivered Bugs (B)  9
    Cyclomatic Complexity   115
    Maintainability (MI)    61

 Segment     Used  Free
-----------  ----  ----
00000-00003     4  0  
00004-007FF  1698  346  
00800-00FFF   565  1483  
01000-017FF     0  2048  
01800-01FFF     0  2048  



